Drill Listing
=============
Drill: .018  Tool: 1  Feed: 95  Speed: 300
X 1730000  Y 1955000
X 1742500  Y 1982500
X 1745000  Y 1965000
X 1755000  Y 1967500
X 1760000  Y 1980000
X 1760000  Y 2005000
X 1745000  Y 2032500

Drill: .035  Tool: 2  Feed: 197  Speed: 550
X 1708071  Y 1939700
X 1739409  Y 1920000
X 1755000  Y 1920000
X 1770590  Y 1920000
X 1784409  Y 1920000
X 1800000  Y 1920000
X 1815590  Y 1920000
X 1708071  Y 1959700
X 1708071  Y 1949700
X 1708071  Y 1969700
X 1707842  Y 2011471
X 1707842  Y 2001471
X 1707842  Y 1991471
X 1761300  Y 2029290
X 1771300  Y 2029290
X 1781300  Y 2029290
X 1791300  Y 2029290
X 1801300  Y 2029290
X 1811300  Y 2029290

Drill: .037  Tool: 3  Feed: 197  Speed: 550
X 1733528  Y 1949014
X 1765000  Y 1945000
X 1826167  Y 2011826
X 1739912  Y 2029425

Drill: .14  Tool: 4  Feed: 35  Speed: 900
X 1715000  Y 1915000
X 1840000  Y 1915000
X 1840000  Y 2035000
X 1715000  Y 2035000

End of Listing
